Started GET "/" for 127.0.0.1 at 2019-02-02 22:16:05 -0200
  
ActiveRecord::PendingMigrationError (

Migrations are pending. To resolve this issue, run:

        bin/rails db:migrate RAILS_ENV=development

):
  
activerecord (5.2.1) lib/active_record/migration.rb:579:in `check_pending!'
activerecord (5.2.1) lib/active_record/migration.rb:556:in `call'
actionpack (5.2.1) lib/action_dispatch/middleware/callbacks.rb:28:in `block in call'
activesupport (5.2.1) lib/active_support/callbacks.rb:98:in `run_callbacks'
actionpack (5.2.1) lib/action_dispatch/middleware/callbacks.rb:26:in `call'
actionpack (5.2.1) lib/action_dispatch/middleware/executor.rb:14:in `call'
actionpack (5.2.1) lib/action_dispatch/middleware/debug_exceptions.rb:61:in `call'
web-console (3.6.2) lib/web_console/middleware.rb:135:in `call_app'
web-console (3.6.2) lib/web_console/middleware.rb:30:in `block in call'
web-console (3.6.2) lib/web_console/middleware.rb:20:in `catch'
web-console (3.6.2) lib/web_console/middleware.rb:20:in `call'
actionpack (5.2.1) lib/action_dispatch/middleware/show_exceptions.rb:33:in `call'
railties (5.2.1) lib/rails/rack/logger.rb:38:in `call_app'
railties (5.2.1) lib/rails/rack/logger.rb:26:in `block in call'
activesupport (5.2.1) lib/active_support/tagged_logging.rb:71:in `block in tagged'
activesupport (5.2.1) lib/active_support/tagged_logging.rb:28:in `tagged'
activesupport (5.2.1) lib/active_support/tagged_logging.rb:71:in `tagged'
railties (5.2.1) lib/rails/rack/logger.rb:26:in `call'
sprockets-rails (3.2.1) lib/sprockets/rails/quiet_assets.rb:13:in `call'
actionpack (5.2.1) lib/action_dispatch/middleware/remote_ip.rb:81:in `call'
actionpack (5.2.1) lib/action_dispatch/middleware/request_id.rb:27:in `call'
rack (2.0.5) lib/rack/method_override.rb:22:in `call'
rack (2.0.5) lib/rack/runtime.rb:22:in `call'
activesupport (5.2.1) lib/active_support/cache/strategy/local_cache_middleware.rb:29:in `call'
actionpack (5.2.1) lib/action_dispatch/middleware/executor.rb:14:in `call'
actionpack (5.2.1) lib/action_dispatch/middleware/static.rb:127:in `call'
rack (2.0.5) lib/rack/sendfile.rb:111:in `call'
railties (5.2.1) lib/rails/engine.rb:524:in `call'
puma (3.12.0) lib/puma/configuration.rb:225:in `call'
puma (3.12.0) lib/puma/server.rb:658:in `handle_request'
puma (3.12.0) lib/puma/server.rb:472:in `process_client'
puma (3.12.0) lib/puma/server.rb:332:in `block in run'
puma (3.12.0) lib/puma/thread_pool.rb:133:in `block in spawn_thread'
  [1m[35m (0.1ms)[0m  [1m[34mSELECT sqlite_version(*)[0m
  ↳ bin/rails:4
  [1m[35m (15.1ms)[0m  [1m[35mCREATE TABLE "schema_migrations" ("version" varchar NOT NULL PRIMARY KEY)[0m
  ↳ bin/rails:4
  [1m[35m (13.1ms)[0m  [1m[35mCREATE TABLE "ar_internal_metadata" ("key" varchar NOT NULL PRIMARY KEY, "value" varchar, "created_at" datetime NOT NULL, "updated_at" datetime NOT NULL)[0m
  ↳ bin/rails:4
  [1m[35m (0.2ms)[0m  [1m[34mSELECT "schema_migrations"."version" FROM "schema_migrations" ORDER BY "schema_migrations"."version" ASC[0m
  ↳ bin/rails:4
Migrating to CreateRecipes (20180829222434)
  [1m[35m (0.1ms)[0m  [1m[36mbegin transaction[0m
  ↳ bin/rails:4
  [1m[35m (0.5ms)[0m  [1m[35mCREATE TABLE "recipes" ("id" integer PRIMARY KEY AUTOINCREMENT NOT NULL, "title" varchar, "recipe_type" varchar, "cuisine" varchar, "difficulty" varchar, "cook_time" integer, "created_at" datetime NOT NULL, "updated_at" datetime NOT NULL)[0m
  ↳ db/migrate/20180829222434_create_recipes.rb:3
  [1m[36mActiveRecord::SchemaMigration Create (0.3ms)[0m  [1m[32mINSERT INTO "schema_migrations" ("version") VALUES (?)[0m  [["version", "20180829222434"]]
  ↳ bin/rails:4
  [1m[35m (4.1ms)[0m  [1m[36mcommit transaction[0m
  ↳ bin/rails:4
Migrating to AddFieldsToRecipe (20180829225355)
  [1m[35m (0.1ms)[0m  [1m[36mbegin transaction[0m
  ↳ bin/rails:4
  [1m[35m (0.3ms)[0m  [1m[35mALTER TABLE "recipes" ADD "ingredients" text[0m
  ↳ db/migrate/20180829225355_add_fields_to_recipe.rb:3
  [1m[35m (0.2ms)[0m  [1m[35mALTER TABLE "recipes" ADD "cook_method" text[0m
  ↳ db/migrate/20180829225355_add_fields_to_recipe.rb:4
  [1m[36mActiveRecord::SchemaMigration Create (0.2ms)[0m  [1m[32mINSERT INTO "schema_migrations" ("version") VALUES (?)[0m  [["version", "20180829225355"]]
  ↳ bin/rails:4
  [1m[35m (2.6ms)[0m  [1m[36mcommit transaction[0m
  ↳ bin/rails:4
Migrating to AddFeaturedToRecipe (20180903160843)
  [1m[35m (0.1ms)[0m  [1m[36mbegin transaction[0m
  ↳ bin/rails:4
  [1m[35m (0.3ms)[0m  [1m[35mALTER TABLE "recipes" ADD "featured" boolean DEFAULT 0[0m
  ↳ db/migrate/20180903160843_add_featured_to_recipe.rb:3
  [1m[36mActiveRecord::SchemaMigration Create (0.2ms)[0m  [1m[32mINSERT INTO "schema_migrations" ("version") VALUES (?)[0m  [["version", "20180903160843"]]
  ↳ bin/rails:4
  [1m[35m (3.2ms)[0m  [1m[36mcommit transaction[0m
  ↳ bin/rails:4
Migrating to CreateRecipeTypes (20180903170406)
  [1m[35m (0.1ms)[0m  [1m[36mbegin transaction[0m
  ↳ bin/rails:4
  [1m[35m (0.3ms)[0m  [1m[35mCREATE TABLE "recipe_types" ("id" integer PRIMARY KEY AUTOINCREMENT NOT NULL, "name" varchar, "created_at" datetime NOT NULL, "updated_at" datetime NOT NULL)[0m
  ↳ db/migrate/20180903170406_create_recipe_types.rb:3
  [1m[36mActiveRecord::SchemaMigration Create (1.4ms)[0m  [1m[32mINSERT INTO "schema_migrations" ("version") VALUES (?)[0m  [["version", "20180903170406"]]
  ↳ bin/rails:4
  [1m[35m (4.0ms)[0m  [1m[36mcommit transaction[0m
  ↳ bin/rails:4
Migrating to AddRecipeTypeToRecipe (20180903170842)
  [1m[35m (0.1ms)[0m  [1m[36mbegin transaction[0m
  ↳ bin/rails:4
  [1m[35m (0.4ms)[0m  [1m[35mALTER TABLE "recipes" ADD "recipe_type_id" integer[0m
  ↳ db/migrate/20180903170842_add_recipe_type_to_recipe.rb:3
  [1m[35m (0.6ms)[0m  [1m[35mCREATE  INDEX "index_recipes_on_recipe_type_id" ON "recipes" ("recipe_type_id")[0m
  ↳ db/migrate/20180903170842_add_recipe_type_to_recipe.rb:3
  [1m[36mActiveRecord::SchemaMigration Create (0.3ms)[0m  [1m[32mINSERT INTO "schema_migrations" ("version") VALUES (?)[0m  [["version", "20180903170842"]]
  ↳ bin/rails:4
  [1m[35m (3.6ms)[0m  [1m[36mcommit transaction[0m
  ↳ bin/rails:4
Migrating to RemoveRecipeTypeFromRecipe (20180903181358)
  [1m[35m (0.1ms)[0m  [1m[36mbegin transaction[0m
  ↳ bin/rails:4
  [1m[35m (0.2ms)[0m  [1m[35mCREATE TEMPORARY TABLE "arecipes" ("id" integer NOT NULL PRIMARY KEY, "title" varchar DEFAULT NULL, "recipe_type" varchar DEFAULT NULL, "cuisine" varchar DEFAULT NULL, "difficulty" varchar DEFAULT NULL, "cook_time" integer DEFAULT NULL, "created_at" datetime NOT NULL, "updated_at" datetime NOT NULL, "ingredients" text DEFAULT NULL, "cook_method" text DEFAULT NULL, "featured" boolean DEFAULT 0, "recipe_type_id" integer DEFAULT NULL)[0m
  ↳ db/migrate/20180903181358_remove_recipe_type_from_recipe.rb:3
  [1m[35m (0.1ms)[0m  [1m[35mCREATE  INDEX "tindex_arecipes_on_recipe_type_id" ON "arecipes" ("recipe_type_id")[0m
  ↳ db/migrate/20180903181358_remove_recipe_type_from_recipe.rb:3
  [1m[35m (0.1ms)[0m  [1m[32mINSERT INTO "arecipes" ("id","title","recipe_type","cuisine","difficulty","cook_time","created_at","updated_at","ingredients","cook_method","featured","recipe_type_id")
                     SELECT "id","title","recipe_type","cuisine","difficulty","cook_time","created_at","updated_at","ingredients","cook_method","featured","recipe_type_id" FROM "recipes"[0m
  ↳ db/migrate/20180903181358_remove_recipe_type_from_recipe.rb:3
  [1m[35m (0.5ms)[0m  [1m[35mDROP TABLE "recipes"[0m
  ↳ db/migrate/20180903181358_remove_recipe_type_from_recipe.rb:3
  [1m[35m (0.2ms)[0m  [1m[35mCREATE TABLE "recipes" ("id" integer NOT NULL PRIMARY KEY, "title" varchar DEFAULT NULL, "cuisine" varchar DEFAULT NULL, "difficulty" varchar DEFAULT NULL, "cook_time" integer DEFAULT NULL, "created_at" datetime NOT NULL, "updated_at" datetime NOT NULL, "ingredients" text DEFAULT NULL, "cook_method" text DEFAULT NULL, "featured" boolean DEFAULT 0, "recipe_type_id" integer DEFAULT NULL)[0m
  ↳ db/migrate/20180903181358_remove_recipe_type_from_recipe.rb:3
  [1m[35m (0.1ms)[0m  [1m[35mCREATE  INDEX "index_recipes_on_recipe_type_id" ON "recipes" ("recipe_type_id")[0m
  ↳ db/migrate/20180903181358_remove_recipe_type_from_recipe.rb:3
  [1m[35m (0.1ms)[0m  [1m[32mINSERT INTO "recipes" ("id","title","cuisine","difficulty","cook_time","created_at","updated_at","ingredients","cook_method","featured","recipe_type_id")
                     SELECT "id","title","cuisine","difficulty","cook_time","created_at","updated_at","ingredients","cook_method","featured","recipe_type_id" FROM "arecipes"[0m
  ↳ db/migrate/20180903181358_remove_recipe_type_from_recipe.rb:3
  [1m[35m (0.2ms)[0m  [1m[35mDROP TABLE "arecipes"[0m
  ↳ db/migrate/20180903181358_remove_recipe_type_from_recipe.rb:3
  [1m[36mActiveRecord::SchemaMigration Create (0.2ms)[0m  [1m[32mINSERT INTO "schema_migrations" ("version") VALUES (?)[0m  [["version", "20180903181358"]]
  ↳ bin/rails:4
  [1m[35m (3.9ms)[0m  [1m[36mcommit transaction[0m
  ↳ bin/rails:4
Migrating to RemoveCuisineFromRecipe (20180903200653)
  [1m[35m (0.1ms)[0m  [1m[36mbegin transaction[0m
  ↳ bin/rails:4
  [1m[35m (0.2ms)[0m  [1m[35mCREATE TEMPORARY TABLE "arecipes" ("id" integer NOT NULL PRIMARY KEY, "title" varchar DEFAULT NULL, "cuisine" varchar DEFAULT NULL, "difficulty" varchar DEFAULT NULL, "cook_time" integer DEFAULT NULL, "created_at" datetime NOT NULL, "updated_at" datetime NOT NULL, "ingredients" text DEFAULT NULL, "cook_method" text DEFAULT NULL, "featured" boolean DEFAULT 0, "recipe_type_id" integer DEFAULT NULL)[0m
  ↳ db/migrate/20180903200653_remove_cuisine_from_recipe.rb:3
  [1m[35m (0.1ms)[0m  [1m[35mCREATE  INDEX "tindex_arecipes_on_recipe_type_id" ON "arecipes" ("recipe_type_id")[0m
  ↳ db/migrate/20180903200653_remove_cuisine_from_recipe.rb:3
  [1m[35m (0.1ms)[0m  [1m[32mINSERT INTO "arecipes" ("id","title","cuisine","difficulty","cook_time","created_at","updated_at","ingredients","cook_method","featured","recipe_type_id")
                     SELECT "id","title","cuisine","difficulty","cook_time","created_at","updated_at","ingredients","cook_method","featured","recipe_type_id" FROM "recipes"[0m
  ↳ db/migrate/20180903200653_remove_cuisine_from_recipe.rb:3
  [1m[35m (0.5ms)[0m  [1m[35mDROP TABLE "recipes"[0m
  ↳ db/migrate/20180903200653_remove_cuisine_from_recipe.rb:3
  [1m[35m (0.2ms)[0m  [1m[35mCREATE TABLE "recipes" ("id" integer NOT NULL PRIMARY KEY, "title" varchar DEFAULT NULL, "difficulty" varchar DEFAULT NULL, "cook_time" integer DEFAULT NULL, "created_at" datetime NOT NULL, "updated_at" datetime NOT NULL, "ingredients" text DEFAULT NULL, "cook_method" text DEFAULT NULL, "featured" boolean DEFAULT 0, "recipe_type_id" integer DEFAULT NULL)[0m
  ↳ db/migrate/20180903200653_remove_cuisine_from_recipe.rb:3
  [1m[35m (0.1ms)[0m  [1m[35mCREATE  INDEX "index_recipes_on_recipe_type_id" ON "recipes" ("recipe_type_id")[0m
  ↳ db/migrate/20180903200653_remove_cuisine_from_recipe.rb:3
  [1m[35m (0.1ms)[0m  [1m[32mINSERT INTO "recipes" ("id","title","difficulty","cook_time","created_at","updated_at","ingredients","cook_method","featured","recipe_type_id")
                     SELECT "id","title","difficulty","cook_time","created_at","updated_at","ingredients","cook_method","featured","recipe_type_id" FROM "arecipes"[0m
  ↳ db/migrate/20180903200653_remove_cuisine_from_recipe.rb:3
  [1m[35m (0.2ms)[0m  [1m[35mDROP TABLE "arecipes"[0m
  ↳ db/migrate/20180903200653_remove_cuisine_from_recipe.rb:3
  [1m[36mActiveRecord::SchemaMigration Create (0.3ms)[0m  [1m[32mINSERT INTO "schema_migrations" ("version") VALUES (?)[0m  [["version", "20180903200653"]]
  ↳ bin/rails:4
  [1m[35m (3.0ms)[0m  [1m[36mcommit transaction[0m
  ↳ bin/rails:4
Migrating to CreateCuisines (20180903200947)
  [1m[35m (0.1ms)[0m  [1m[36mbegin transaction[0m
  ↳ bin/rails:4
  [1m[35m (0.4ms)[0m  [1m[35mCREATE TABLE "cuisines" ("id" integer PRIMARY KEY AUTOINCREMENT NOT NULL, "name" varchar, "created_at" datetime NOT NULL, "updated_at" datetime NOT NULL)[0m
  ↳ db/migrate/20180903200947_create_cuisines.rb:3
  [1m[36mActiveRecord::SchemaMigration Create (2.1ms)[0m  [1m[32mINSERT INTO "schema_migrations" ("version") VALUES (?)[0m  [["version", "20180903200947"]]
  ↳ bin/rails:4
  [1m[35m (5.5ms)[0m  [1m[36mcommit transaction[0m
  ↳ bin/rails:4
Migrating to AddCuisineToRecipe (20180903200953)
  [1m[35m (0.1ms)[0m  [1m[36mbegin transaction[0m
  ↳ bin/rails:4
  [1m[35m (0.5ms)[0m  [1m[35mALTER TABLE "recipes" ADD "cuisine_id" integer[0m
  ↳ db/migrate/20180903200953_add_cuisine_to_recipe.rb:3
  [1m[35m (0.1ms)[0m  [1m[35mCREATE  INDEX "index_recipes_on_cuisine_id" ON "recipes" ("cuisine_id")[0m
  ↳ db/migrate/20180903200953_add_cuisine_to_recipe.rb:3
  [1m[36mActiveRecord::SchemaMigration Create (0.2ms)[0m  [1m[32mINSERT INTO "schema_migrations" ("version") VALUES (?)[0m  [["version", "20180903200953"]]
  ↳ bin/rails:4
  [1m[35m (3.5ms)[0m  [1m[36mcommit transaction[0m
  ↳ bin/rails:4
  [1m[36mActiveRecord::InternalMetadata Load (0.2ms)[0m  [1m[34mSELECT  "ar_internal_metadata".* FROM "ar_internal_metadata" WHERE "ar_internal_metadata"."key" = ? LIMIT ?[0m  [["key", "environment"], ["LIMIT", 1]]
  ↳ bin/rails:4
  [1m[35m (0.1ms)[0m  [1m[36mbegin transaction[0m
  ↳ bin/rails:4
  [1m[36mActiveRecord::InternalMetadata Create (0.5ms)[0m  [1m[32mINSERT INTO "ar_internal_metadata" ("key", "value", "created_at", "updated_at") VALUES (?, ?, ?, ?)[0m  [["key", "environment"], ["value", "development"], ["created_at", "2019-02-03 00:16:57.606657"], ["updated_at", "2019-02-03 00:16:57.606657"]]
  ↳ bin/rails:4
  [1m[35m (2.0ms)[0m  [1m[36mcommit transaction[0m
  ↳ bin/rails:4
  [1m[35m (0.2ms)[0m  [1m[34mSELECT "schema_migrations"."version" FROM "schema_migrations" ORDER BY "schema_migrations"."version" ASC[0m
  ↳ bin/rails:4
Started GET "/" for 127.0.0.1 at 2019-02-02 22:17:19 -0200
  [1m[35m (0.2ms)[0m  [1m[34mSELECT "schema_migrations"."version" FROM "schema_migrations" ORDER BY "schema_migrations"."version" ASC[0m
  ↳ /home/kelly/.rvm/gems/ruby-2.5.1/gems/activerecord-5.2.1/lib/active_record/log_subscriber.rb:98
Processing by RecipesController#index as HTML
  Rendering recipes/index.html.erb within layouts/application
  [1m[36mRecipe Load (0.2ms)[0m  [1m[34mSELECT "recipes".* FROM "recipes"[0m
  ↳ app/views/recipes/index.html.erb:8
  Rendered recipes/index.html.erb within layouts/application (7.7ms)
Completed 200 OK in 8504ms (Views: 8466.2ms | ActiveRecord: 0.5ms)


Started GET "/recipe_types/new" for 127.0.0.1 at 2019-02-02 22:18:37 -0200
Processing by RecipeTypesController#new as HTML
  Rendering recipe_types/new.html.erb within layouts/application
  Rendered recipe_types/new.html.erb within layouts/application (3.8ms)
Completed 200 OK in 148ms (Views: 126.5ms | ActiveRecord: 5.1ms)


Started POST "/recipe_types" for 127.0.0.1 at 2019-02-02 22:18:50 -0200
Processing by RecipeTypesController#create as HTML
  Parameters: {"utf8"=>"✓", "authenticity_token"=>"LDIvgJFeGXnCHkf5Vy3fSt1i7BIxBpoZQu3f+H6+jGqQ/x/Fv/8z0womauq6+kRCLEr6hRN6sCn7oAiiNkbB8A==", "recipe_type"=>{"name"=>"Massas"}, "commit"=>"Enviar"}
  [1m[35m (0.1ms)[0m  [1m[36mbegin transaction[0m
  ↳ app/controllers/recipe_types_controller.rb:13
  [1m[36mRecipeType Create (1.4ms)[0m  [1m[32mINSERT INTO "recipe_types" ("name", "created_at", "updated_at") VALUES (?, ?, ?)[0m  [["name", "Massas"], ["created_at", "2019-02-03 00:18:50.863304"], ["updated_at", "2019-02-03 00:18:50.863304"]]
  ↳ app/controllers/recipe_types_controller.rb:13
  [1m[35m (2.9ms)[0m  [1m[36mcommit transaction[0m
  ↳ app/controllers/recipe_types_controller.rb:13
Redirected to http://localhost:3000/recipe_types/1
Completed 302 Found in 17ms (ActiveRecord: 4.4ms)


Started GET "/recipe_types/1" for 127.0.0.1 at 2019-02-02 22:18:50 -0200
Processing by RecipeTypesController#show as HTML
  Parameters: {"id"=>"1"}
  [1m[36mRecipeType Load (0.2ms)[0m  [1m[34mSELECT  "recipe_types".* FROM "recipe_types" WHERE "recipe_types"."id" = ? LIMIT ?[0m  [["id", 1], ["LIMIT", 1]]
  ↳ app/controllers/recipe_types_controller.rb:3
  Rendering recipe_types/show.html.erb within layouts/application
  Rendered recipe_types/show.html.erb within layouts/application (0.3ms)
Completed 200 OK in 128ms (Views: 119.8ms | ActiveRecord: 0.2ms)


Started GET "/cuisines/new" for 127.0.0.1 at 2019-02-02 22:19:04 -0200
Processing by CuisinesController#new as HTML
  Rendering cuisines/new.html.erb within layouts/application
  Rendered cuisines/new.html.erb within layouts/application (1.3ms)
Completed 200 OK in 122ms (Views: 96.1ms | ActiveRecord: 1.0ms)


Started POST "/cuisines" for 127.0.0.1 at 2019-02-02 22:19:16 -0200
Processing by CuisinesController#create as HTML
  Parameters: {"utf8"=>"✓", "authenticity_token"=>"lm+ugOQ0N/my8oUhONxFXZM1ayB5rbFvO95gJUlkzfB4T0HFlfWA8u6qwg4koal0SkWl/WhiplWn8gwu4cQLpw==", "cuisine"=>{"name"=>"Italiana"}, "commit"=>"Enviar"}
  [1m[35m (0.1ms)[0m  [1m[36mbegin transaction[0m
  ↳ app/controllers/cuisines_controller.rb:13
  [1m[36mCuisine Create (5.2ms)[0m  [1m[32mINSERT INTO "cuisines" ("name", "created_at", "updated_at") VALUES (?, ?, ?)[0m  [["name", "Italiana"], ["created_at", "2019-02-03 00:19:16.058041"], ["updated_at", "2019-02-03 00:19:16.058041"]]
  ↳ app/controllers/cuisines_controller.rb:13
  [1m[35m (11.6ms)[0m  [1m[36mcommit transaction[0m
  ↳ app/controllers/cuisines_controller.rb:13
Redirected to http://localhost:3000/cuisines/1
Completed 302 Found in 26ms (ActiveRecord: 16.8ms)


Started GET "/cuisines/1" for 127.0.0.1 at 2019-02-02 22:19:16 -0200
Processing by CuisinesController#show as HTML
  Parameters: {"id"=>"1"}
  [1m[36mCuisine Load (0.2ms)[0m  [1m[34mSELECT  "cuisines".* FROM "cuisines" WHERE "cuisines"."id" = ? LIMIT ?[0m  [["id", 1], ["LIMIT", 1]]
  ↳ app/controllers/cuisines_controller.rb:3
  Rendering cuisines/show.html.erb within layouts/application
  Rendered cuisines/show.html.erb within layouts/application (0.4ms)
Completed 200 OK in 78ms (Views: 72.0ms | ActiveRecord: 0.2ms)


Started GET "/recipes/new" for 127.0.0.1 at 2019-02-02 22:19:21 -0200
Processing by RecipesController#new as HTML
  Rendering recipes/new.html.erb within layouts/application
  [1m[36mRecipeType Load (0.2ms)[0m  [1m[34mSELECT "recipe_types".* FROM "recipe_types"[0m
  ↳ app/views/recipes/new.html.erb:5
  [1m[36mCuisine Load (0.1ms)[0m  [1m[34mSELECT "cuisines".* FROM "cuisines"[0m
  ↳ app/views/recipes/new.html.erb:7
  Rendered recipes/new.html.erb within layouts/application (59.2ms)
Completed 200 OK in 181ms (Views: 127.2ms | ActiveRecord: 3.5ms)


Started POST "/recipes" for 127.0.0.1 at 2019-02-02 22:22:47 -0200
Processing by RecipesController#create as HTML
  Parameters: {"utf8"=>"✓", "authenticity_token"=>"7BMVQdN7c7o/VDkODz5ASAFwQ3aYuNZ4NzLgrHEms4xY4ckA0Zl6+8K3UEDniq7qkaaTWGGqfMvZufjwFdhJ6g==", "recipe"=>{"title"=>"Macarronada", "recipe_type_id"=>"1", "cuisine_id"=>"1", "difficulty"=>"Média", "cook_time"=>"30", "ingredients"=>"Macarrão espaguete\r\nMolho de tomate\r\nQueijo\r\nManjericão\r\nPimenta do reino\r\nSal \r\nAzeite\r\nAlho \r\nCebola", "cook_method"=>"Coloque o macarrão para ferver em água quente.\r\nFaça o molho separado e depois junte tudo."}, "commit"=>"Enviar"}
  [1m[35m (0.1ms)[0m  [1m[36mbegin transaction[0m
  ↳ app/controllers/recipes_controller.rb:19
  [1m[36mRecipeType Load (0.1ms)[0m  [1m[34mSELECT  "recipe_types".* FROM "recipe_types" WHERE "recipe_types"."id" = ? LIMIT ?[0m  [["id", 1], ["LIMIT", 1]]
  ↳ app/controllers/recipes_controller.rb:19
  [1m[36mCuisine Load (0.1ms)[0m  [1m[34mSELECT  "cuisines".* FROM "cuisines" WHERE "cuisines"."id" = ? LIMIT ?[0m  [["id", 1], ["LIMIT", 1]]
  ↳ app/controllers/recipes_controller.rb:19
  [1m[36mRecipe Create (0.9ms)[0m  [1m[32mINSERT INTO "recipes" ("title", "difficulty", "cook_time", "created_at", "updated_at", "ingredients", "cook_method", "recipe_type_id", "cuisine_id") VALUES (?, ?, ?, ?, ?, ?, ?, ?, ?)[0m  [["title", "Macarronada"], ["difficulty", "Média"], ["cook_time", 30], ["created_at", "2019-02-03 00:22:47.134614"], ["updated_at", "2019-02-03 00:22:47.134614"], ["ingredients", "Macarrão espaguete\r\nMolho de tomate\r\nQueijo\r\nManjericão\r\nPimenta do reino\r\nSal \r\nAzeite\r\nAlho \r\nCebola"], ["cook_method", "Coloque o macarrão para ferver em água quente.\r\nFaça o molho separado e depois junte tudo."], ["recipe_type_id", 1], ["cuisine_id", 1]]
  ↳ app/controllers/recipes_controller.rb:19
  [1m[35m (3.5ms)[0m  [1m[36mcommit transaction[0m
  ↳ app/controllers/recipes_controller.rb:19
Redirected to http://localhost:3000/recipes/1
Completed 302 Found in 91ms (ActiveRecord: 4.7ms)


Started GET "/recipes/1" for 127.0.0.1 at 2019-02-02 22:22:47 -0200
Processing by RecipesController#show as HTML
  Parameters: {"id"=>"1"}
  [1m[36mRecipe Load (0.2ms)[0m  [1m[34mSELECT  "recipes".* FROM "recipes" WHERE "recipes"."id" = ? LIMIT ?[0m  [["id", 1], ["LIMIT", 1]]
  ↳ app/controllers/recipes_controller.rb:8
  Rendering recipes/show.html.erb within layouts/application
  [1m[36mRecipeType Load (0.1ms)[0m  [1m[34mSELECT  "recipe_types".* FROM "recipe_types" WHERE "recipe_types"."id" = ? LIMIT ?[0m  [["id", 1], ["LIMIT", 1]]
  ↳ app/views/recipes/show.html.erb:3
  [1m[36mCuisine Load (0.1ms)[0m  [1m[34mSELECT  "cuisines".* FROM "cuisines" WHERE "cuisines"."id" = ? LIMIT ?[0m  [["id", 1], ["LIMIT", 1]]
  ↳ app/views/recipes/show.html.erb:4
  Rendered recipes/show.html.erb within layouts/application (7.8ms)
Completed 200 OK in 89ms (Views: 86.4ms | ActiveRecord: 0.4ms)


Started GET "/" for 127.0.0.1 at 2019-02-02 22:23:00 -0200
Processing by RecipesController#index as HTML
  Rendering recipes/index.html.erb within layouts/application
  [1m[36mRecipe Load (0.4ms)[0m  [1m[34mSELECT "recipes".* FROM "recipes"[0m
  ↳ app/views/recipes/index.html.erb:8
  [1m[36mRecipeType Load (0.1ms)[0m  [1m[34mSELECT  "recipe_types".* FROM "recipe_types" WHERE "recipe_types"."id" = ? LIMIT ?[0m  [["id", 1], ["LIMIT", 1]]
  ↳ app/views/recipes/index.html.erb:11
  [1m[36mCuisine Load (0.1ms)[0m  [1m[34mSELECT  "cuisines".* FROM "cuisines" WHERE "cuisines"."id" = ? LIMIT ?[0m  [["id", 1], ["LIMIT", 1]]
  ↳ app/views/recipes/index.html.erb:12
  Rendered recipes/index.html.erb within layouts/application (10.5ms)
Completed 200 OK in 125ms (Views: 112.3ms | ActiveRecord: 0.6ms)


Started GET "/" for 127.0.0.1 at 2019-02-02 22:34:22 -0200
  [1m[35m (0.3ms)[0m  [1m[34mSELECT "schema_migrations"."version" FROM "schema_migrations" ORDER BY "schema_migrations"."version" ASC[0m
  ↳ /home/kelly/.rvm/gems/ruby-2.5.1/gems/activerecord-5.2.1/lib/active_record/log_subscriber.rb:98
Processing by RecipesController#index as HTML
  Rendering recipes/index.html.erb within layouts/application
  [1m[36mRecipe Load (0.2ms)[0m  [1m[34mSELECT "recipes".* FROM "recipes"[0m
  ↳ app/views/recipes/index.html.erb:8
  [1m[36mRecipeType Load (0.2ms)[0m  [1m[34mSELECT  "recipe_types".* FROM "recipe_types" WHERE "recipe_types"."id" = ? LIMIT ?[0m  [["id", 1], ["LIMIT", 1]]
  ↳ app/views/recipes/index.html.erb:11
  [1m[36mCuisine Load (0.2ms)[0m  [1m[34mSELECT  "cuisines".* FROM "cuisines" WHERE "cuisines"."id" = ? LIMIT ?[0m  [["id", 1], ["LIMIT", 1]]
  ↳ app/views/recipes/index.html.erb:12
  Rendered recipes/index.html.erb within layouts/application (88.2ms)
Completed 200 OK in 712ms (Views: 679.1ms | ActiveRecord: 7.4ms)


